<?xml version="1.0" encoding="UTF-8"?>
<testsuite xmlns:xsi="http://www.w3.org/2001/XMLSchema-instance" xsi:noNamespaceSchemaLocation="https://maven.apache.org/surefire/maven-surefire-plugin/xsd/surefire-test-report-3.0.xsd" version="3.0" name="com.eulerity.hackathon.imagefinder.ImageFinderTest" time="0.193" tests="1" errors="0" skipped="0" failures="0">
  <properties>
[...]
</properties>
  <testcase name="test" classname="com.eulerity.hackathon.imagefinder.ImageFinderTest" time="0.159">
    <system-out><![CDATA[Got request of:/main with query param:null
]]></system-out>
  </testcase>
</testsuite>